The system is: Linux - 4.4.172 - x86_64
Compiling the C compiler identification source file "CMakeCCompilerId.c" succeeded.
Compiler: /usr/bin/cc 
Build flags: 
Id flags: 

The output was:
0


Compilation of the C compiler identification source "CMakeCCompilerId.c" produced "a.out"

The C compiler identification is GNU, found in "/home/wen/github/ibus-lunispim/build/CMakeFiles/3.5.2/CompilerIdC/a.out"

Compiling the CXX compiler identification source file "CMakeCXXCompilerId.cpp" succeeded.
Compiler: /usr/bin/c++ 
Build flags: 
Id flags: 

The output was:
0


Compilation of the CXX compiler identification source "CMakeCXXCompilerId.cpp" produced "a.out"

The CXX compiler identification is GNU, found in "/home/wen/github/ibus-lunispim/build/CMakeFiles/3.5.2/CompilerIdCXX/a.out"

Determining if the C compiler works passed with the following output:
Change Dir: /home/wen/github/ibus-lunispim/build/CMakeFiles/CMakeTmp

Run Build Command:"/usr/bin/gmake" "cmTC_85ee5/fast"
gmake[1]: Entering directory '/home/wen/github/ibus-lunispim/build/CMakeFiles/CMakeTmp'
/usr/bin/gmake -f CMakeFiles/cmTC_85ee5.dir/build.make CMakeFiles/cmTC_85ee5.dir/build
gmake[2]: Entering directory '/home/wen/github/ibus-lunispim/build/CMakeFiles/CMakeTmp'
Building C object CMakeFiles/cmTC_85ee5.dir/testCCompiler.c.o
/usr/bin/cc     -o CMakeFiles/cmTC_85ee5.dir/testCCompiler.c.o   -c /home/wen/github/ibus-lunispim/build/CMakeFiles/CMakeTmp/testCCompiler.c
Linking C executable cmTC_85ee5
/usr/bin/cmake -E cmake_link_script CMakeFiles/cmTC_85ee5.dir/link.txt --verbose=1
/usr/bin/cc       CMakeFiles/cmTC_85ee5.dir/testCCompiler.c.o  -o cmTC_85ee5 -rdynamic 
gmake[2]: Leaving directory '/home/wen/github/ibus-lunispim/build/CMakeFiles/CMakeTmp'
gmake[1]: Leaving directory '/home/wen/github/ibus-lunispim/build/CMakeFiles/CMakeTmp'


Detecting C compiler ABI info compiled with the following output:
Change Dir: /home/wen/github/ibus-lunispim/build/CMakeFiles/CMakeTmp

Run Build Command:"/usr/bin/gmake" "cmTC_ab840/fast"
gmake[1]: Entering directory '/home/wen/github/ibus-lunispim/build/CMakeFiles/CMakeTmp'
/usr/bin/gmake -f CMakeFiles/cmTC_ab840.dir/build.make CMakeFiles/cmTC_ab840.dir/build
gmake[2]: Entering directory '/home/wen/github/ibus-lunispim/build/CMakeFiles/CMakeTmp'
Building C object CMakeFiles/cmTC_ab840.dir/CMakeCCompilerABI.c.o
/usr/bin/cc     -o CMakeFiles/cmTC_ab840.dir/CMakeCCompilerABI.c.o   -c /usr/share/cmake-3.5/Modules/CMakeCCompilerABI.c
Linking C executable cmTC_ab840
/usr/bin/cmake -E cmake_link_script CMakeFiles/cmTC_ab840.dir/link.txt --verbose=1
/usr/bin/cc      -v CMakeFiles/cmTC_ab840.dir/CMakeCCompilerABI.c.o  -o cmTC_ab840 -rdynamic  
从 /usr/lib64/gcc/x86_64-slackware-linux/5.5.0/specs 读取 specs
COLLECT_GCC=/usr/bin/cc
COLLECT_LTO_WRAPPER=/usr/libexec/gcc/x86_64-slackware-linux/5.5.0/lto-wrapper
目标：x86_64-slackware-linux
配置为：../gcc-5.5.0/configure --prefix=/usr --libdir=/usr/lib64 --mandir=/usr/man --infodir=/usr/info --enable-shared --enable-bootstrap --enable-languages=ada,c,c++,fortran,go,java,lto,objc --enable-threads=posix --enable-checking=release --enable-objc-gc --with-system-zlib --with-python-dir=/lib64/python2.7/site-packages --enable-libstdcxx-dual-abi --with-default-libstdcxx-abi=gcc4-compatible --disable-libunwind-exceptions --enable-__cxa_atexit --enable-libssp --enable-lto --disable-install-libiberty --with-gnu-ld --verbose --enable-java-home --with-java-home=/usr/lib64/jvm/jre --with-jvm-root-dir=/usr/lib64/jvm --with-jvm-jar-dir=/usr/lib64/jvm/jvm-exports --with-arch-directory=amd64 --with-antlr-jar=/home/slackware/slackbuilds/gcc-5.5.0/antlr-runtime-3.4.jar --enable-multilib --target=x86_64-slackware-linux --build=x86_64-slackware-linux --host=x86_64-slackware-linux
线程模型：posix
gcc 版本 5.5.0 (GCC) 
COMPILER_PATH=/usr/libexec/gcc/x86_64-slackware-linux/5.5.0/:/usr/libexec/gcc/x86_64-slackware-linux/5.5.0/:/usr/libexec/gcc/x86_64-slackware-linux/:/usr/lib64/gcc/x86_64-slackware-linux/5.5.0/:/usr/lib64/gcc/x86_64-slackware-linux/:/usr/lib64/gcc/x86_64-slackware-linux/5.5.0/../../../../x86_64-slackware-linux/bin/
LIBRARY_PATH=/usr/lib64/gcc/x86_64-slackware-linux/5.5.0/:/usr/lib64/gcc/x86_64-slackware-linux/5.5.0/../../../../lib64/:/lib/../lib64/:/usr/lib/../lib64/:/usr/lib64/gcc/x86_64-slackware-linux/5.5.0/../../../../x86_64-slackware-linux/lib/:/usr/lib64/gcc/x86_64-slackware-linux/5.5.0/../../../:/lib/:/usr/lib/
COLLECT_GCC_OPTIONS='-v' '-o' 'cmTC_ab840' '-rdynamic' '-mtune=generic' '-march=x86-64'
 /usr/libexec/gcc/x86_64-slackware-linux/5.5.0/collect2 -plugin /usr/libexec/gcc/x86_64-slackware-linux/5.5.0/liblto_plugin.so -plugin-opt=/usr/libexec/gcc/x86_64-slackware-linux/5.5.0/lto-wrapper -plugin-opt=-fresolution=/tmp/ccyPqld3.res -plugin-opt=-pass-through=-lgcc -plugin-opt=-pass-through=-lgcc_s -plugin-opt=-pass-through=-lc -plugin-opt=-pass-through=-lgcc -plugin-opt=-pass-through=-lgcc_s --eh-frame-hdr -m elf_x86_64 -export-dynamic -dynamic-linker /lib64/ld-linux-x86-64.so.2 -o cmTC_ab840 /usr/lib64/gcc/x86_64-slackware-linux/5.5.0/../../../../lib64/crt1.o /usr/lib64/gcc/x86_64-slackware-linux/5.5.0/../../../../lib64/crti.o /usr/lib64/gcc/x86_64-slackware-linux/5.5.0/crtbegin.o -L/usr/lib64/gcc/x86_64-slackware-linux/5.5.0 -L/usr/lib64/gcc/x86_64-slackware-linux/5.5.0/../../../../lib64 -L/lib/../lib64 -L/usr/lib/../lib64 -L/usr/lib64/gcc/x86_64-slackware-linux/5.5.0/../../../../x86_64-slackware-linux/lib -L/usr/lib64/gcc/x86_64-slackware-linux/5.5.0/../../.. CMakeFiles/cmTC_ab840.dir/CMakeCCompilerABI.c.o -lgcc --as-needed -lgcc_s --no-as-needed -lc -lgcc --as-needed -lgcc_s --no-as-needed /usr/lib64/gcc/x86_64-slackware-linux/5.5.0/crtend.o /usr/lib64/gcc/x86_64-slackware-linux/5.5.0/../../../../lib64/crtn.o
gmake[2]: Leaving directory '/home/wen/github/ibus-lunispim/build/CMakeFiles/CMakeTmp'
gmake[1]: Leaving directory '/home/wen/github/ibus-lunispim/build/CMakeFiles/CMakeTmp'


Parsed C implicit link information from above output:
  link line regex: [^( *|.*[/\])(ld|([^/\]+-)?ld|collect2)[^/\]*( |$)]
  ignore line: [Change Dir: /home/wen/github/ibus-lunispim/build/CMakeFiles/CMakeTmp]
  ignore line: []
  ignore line: [Run Build Command:"/usr/bin/gmake" "cmTC_ab840/fast"]
  ignore line: [gmake[1]: Entering directory '/home/wen/github/ibus-lunispim/build/CMakeFiles/CMakeTmp']
  ignore line: [/usr/bin/gmake -f CMakeFiles/cmTC_ab840.dir/build.make CMakeFiles/cmTC_ab840.dir/build]
  ignore line: [gmake[2]: Entering directory '/home/wen/github/ibus-lunispim/build/CMakeFiles/CMakeTmp']
  ignore line: [Building C object CMakeFiles/cmTC_ab840.dir/CMakeCCompilerABI.c.o]
  ignore line: [/usr/bin/cc     -o CMakeFiles/cmTC_ab840.dir/CMakeCCompilerABI.c.o   -c /usr/share/cmake-3.5/Modules/CMakeCCompilerABI.c]
  ignore line: [Linking C executable cmTC_ab840]
  ignore line: [/usr/bin/cmake -E cmake_link_script CMakeFiles/cmTC_ab840.dir/link.txt --verbose=1]
  ignore line: [/usr/bin/cc      -v CMakeFiles/cmTC_ab840.dir/CMakeCCompilerABI.c.o  -o cmTC_ab840 -rdynamic  ]
  ignore line: [从 /usr/lib64/gcc/x86_64-slackware-linux/5.5.0/specs 读取 specs]
  ignore line: [COLLECT_GCC=/usr/bin/cc]
  ignore line: [COLLECT_LTO_WRAPPER=/usr/libexec/gcc/x86_64-slackware-linux/5.5.0/lto-wrapper]
  ignore line: [目标：x86_64-slackware-linux]
  ignore line: [配置为：../gcc-5.5.0/configure --prefix=/usr --libdir=/usr/lib64 --mandir=/usr/man --infodir=/usr/info --enable-shared --enable-bootstrap --enable-languages=ada,c,c++,fortran,go,java,lto,objc --enable-threads=posix --enable-checking=release --enable-objc-gc --with-system-zlib --with-python-dir=/lib64/python2.7/site-packages --enable-libstdcxx-dual-abi --with-default-libstdcxx-abi=gcc4-compatible --disable-libunwind-exceptions --enable-__cxa_atexit --enable-libssp --enable-lto --disable-install-libiberty --with-gnu-ld --verbose --enable-java-home --with-java-home=/usr/lib64/jvm/jre --with-jvm-root-dir=/usr/lib64/jvm --with-jvm-jar-dir=/usr/lib64/jvm/jvm-exports --with-arch-directory=amd64 --with-antlr-jar=/home/slackware/slackbuilds/gcc-5.5.0/antlr-runtime-3.4.jar --enable-multilib --target=x86_64-slackware-linux --build=x86_64-slackware-linux --host=x86_64-slackware-linux]
  ignore line: [线程模型：posix]
  ignore line: [gcc 版本 5.5.0 (GCC) ]
  ignore line: [COMPILER_PATH=/usr/libexec/gcc/x86_64-slackware-linux/5.5.0/:/usr/libexec/gcc/x86_64-slackware-linux/5.5.0/:/usr/libexec/gcc/x86_64-slackware-linux/:/usr/lib64/gcc/x86_64-slackware-linux/5.5.0/:/usr/lib64/gcc/x86_64-slackware-linux/:/usr/lib64/gcc/x86_64-slackware-linux/5.5.0/../../../../x86_64-slackware-linux/bin/]
  ignore line: [LIBRARY_PATH=/usr/lib64/gcc/x86_64-slackware-linux/5.5.0/:/usr/lib64/gcc/x86_64-slackware-linux/5.5.0/../../../../lib64/:/lib/../lib64/:/usr/lib/../lib64/:/usr/lib64/gcc/x86_64-slackware-linux/5.5.0/../../../../x86_64-slackware-linux/lib/:/usr/lib64/gcc/x86_64-slackware-linux/5.5.0/../../../:/lib/:/usr/lib/]
  ignore line: [COLLECT_GCC_OPTIONS='-v' '-o' 'cmTC_ab840' '-rdynamic' '-mtune=generic' '-march=x86-64']
  link line: [ /usr/libexec/gcc/x86_64-slackware-linux/5.5.0/collect2 -plugin /usr/libexec/gcc/x86_64-slackware-linux/5.5.0/liblto_plugin.so -plugin-opt=/usr/libexec/gcc/x86_64-slackware-linux/5.5.0/lto-wrapper -plugin-opt=-fresolution=/tmp/ccyPqld3.res -plugin-opt=-pass-through=-lgcc -plugin-opt=-pass-through=-lgcc_s -plugin-opt=-pass-through=-lc -plugin-opt=-pass-through=-lgcc -plugin-opt=-pass-through=-lgcc_s --eh-frame-hdr -m elf_x86_64 -export-dynamic -dynamic-linker /lib64/ld-linux-x86-64.so.2 -o cmTC_ab840 /usr/lib64/gcc/x86_64-slackware-linux/5.5.0/../../../../lib64/crt1.o /usr/lib64/gcc/x86_64-slackware-linux/5.5.0/../../../../lib64/crti.o /usr/lib64/gcc/x86_64-slackware-linux/5.5.0/crtbegin.o -L/usr/lib64/gcc/x86_64-slackware-linux/5.5.0 -L/usr/lib64/gcc/x86_64-slackware-linux/5.5.0/../../../../lib64 -L/lib/../lib64 -L/usr/lib/../lib64 -L/usr/lib64/gcc/x86_64-slackware-linux/5.5.0/../../../../x86_64-slackware-linux/lib -L/usr/lib64/gcc/x86_64-slackware-linux/5.5.0/../../.. CMakeFiles/cmTC_ab840.dir/CMakeCCompilerABI.c.o -lgcc --as-needed -lgcc_s --no-as-needed -lc -lgcc --as-needed -lgcc_s --no-as-needed /usr/lib64/gcc/x86_64-slackware-linux/5.5.0/crtend.o /usr/lib64/gcc/x86_64-slackware-linux/5.5.0/../../../../lib64/crtn.o]
    arg [/usr/libexec/gcc/x86_64-slackware-linux/5.5.0/collect2] ==> ignore
    arg [-plugin] ==> ignore
    arg [/usr/libexec/gcc/x86_64-slackware-linux/5.5.0/liblto_plugin.so] ==> ignore
    arg [-plugin-opt=/usr/libexec/gcc/x86_64-slackware-linux/5.5.0/lto-wrapper] ==> ignore
    arg [-plugin-opt=-fresolution=/tmp/ccyPqld3.res] ==> ignore
    arg [-plugin-opt=-pass-through=-lgcc] ==> ignore
    arg [-plugin-opt=-pass-through=-lgcc_s] ==> ignore
    arg [-plugin-opt=-pass-through=-lc] ==> ignore
    arg [-plugin-opt=-pass-through=-lgcc] ==> ignore
    arg [-plugin-opt=-pass-through=-lgcc_s] ==> ignore
    arg [--eh-frame-hdr] ==> ignore
    arg [-m] ==> ignore
    arg [elf_x86_64] ==> ignore
    arg [-export-dynamic] ==> ignore
    arg [-dynamic-linker] ==> ignore
    arg [/lib64/ld-linux-x86-64.so.2] ==> ignore
    arg [-o] ==> ignore
    arg [cmTC_ab840] ==> ignore
    arg [/usr/lib64/gcc/x86_64-slackware-linux/5.5.0/../../../../lib64/crt1.o] ==> ignore
    arg [/usr/lib64/gcc/x86_64-slackware-linux/5.5.0/../../../../lib64/crti.o] ==> ignore
    arg [/usr/lib64/gcc/x86_64-slackware-linux/5.5.0/crtbegin.o] ==> ignore
    arg [-L/usr/lib64/gcc/x86_64-slackware-linux/5.5.0] ==> dir [/usr/lib64/gcc/x86_64-slackware-linux/5.5.0]
    arg [-L/usr/lib64/gcc/x86_64-slackware-linux/5.5.0/../../../../lib64] ==> dir [/usr/lib64/gcc/x86_64-slackware-linux/5.5.0/../../../../lib64]
    arg [-L/lib/../lib64] ==> dir [/lib/../lib64]
    arg [-L/usr/lib/../lib64] ==> dir [/usr/lib/../lib64]
    arg [-L/usr/lib64/gcc/x86_64-slackware-linux/5.5.0/../../../../x86_64-slackware-linux/lib] ==> dir [/usr/lib64/gcc/x86_64-slackware-linux/5.5.0/../../../../x86_64-slackware-linux/lib]
    arg [-L/usr/lib64/gcc/x86_64-slackware-linux/5.5.0/../../..] ==> dir [/usr/lib64/gcc/x86_64-slackware-linux/5.5.0/../../..]
    arg [CMakeFiles/cmTC_ab840.dir/CMakeCCompilerABI.c.o] ==> ignore
    arg [-lgcc] ==> lib [gcc]
    arg [--as-needed] ==> ignore
    arg [-lgcc_s] ==> lib [gcc_s]
    arg [--no-as-needed] ==> ignore
    arg [-lc] ==> lib [c]
    arg [-lgcc] ==> lib [gcc]
    arg [--as-needed] ==> ignore
    arg [-lgcc_s] ==> lib [gcc_s]
    arg [--no-as-needed] ==> ignore
    arg [/usr/lib64/gcc/x86_64-slackware-linux/5.5.0/crtend.o] ==> ignore
    arg [/usr/lib64/gcc/x86_64-slackware-linux/5.5.0/../../../../lib64/crtn.o] ==> ignore
  remove lib [gcc]
  remove lib [gcc_s]
  remove lib [gcc]
  remove lib [gcc_s]
  collapse library dir [/usr/lib64/gcc/x86_64-slackware-linux/5.5.0] ==> [/usr/lib64/gcc/x86_64-slackware-linux/5.5.0]
  collapse library dir [/usr/lib64/gcc/x86_64-slackware-linux/5.5.0/../../../../lib64] ==> [/usr/lib64]
  collapse library dir [/lib/../lib64] ==> [/lib64]
  collapse library dir [/usr/lib/../lib64] ==> [/usr/lib64]
  collapse library dir [/usr/lib64/gcc/x86_64-slackware-linux/5.5.0/../../../../x86_64-slackware-linux/lib] ==> [/usr/x86_64-slackware-linux/lib]
  collapse library dir [/usr/lib64/gcc/x86_64-slackware-linux/5.5.0/../../..] ==> [/usr/lib64]
  implicit libs: [c]
  implicit dirs: [/usr/lib64/gcc/x86_64-slackware-linux/5.5.0;/usr/lib64;/lib64;/usr/x86_64-slackware-linux/lib]
  implicit fwks: []




Detecting C [-std=c11] compiler features compiled with the following output:
Change Dir: /home/wen/github/ibus-lunispim/build/CMakeFiles/CMakeTmp

Run Build Command:"/usr/bin/gmake" "cmTC_53395/fast"
gmake[1]: Entering directory '/home/wen/github/ibus-lunispim/build/CMakeFiles/CMakeTmp'
/usr/bin/gmake -f CMakeFiles/cmTC_53395.dir/build.make CMakeFiles/cmTC_53395.dir/build
gmake[2]: Entering directory '/home/wen/github/ibus-lunispim/build/CMakeFiles/CMakeTmp'
Building C object CMakeFiles/cmTC_53395.dir/feature_tests.c.o
/usr/bin/cc    -std=c11 -o CMakeFiles/cmTC_53395.dir/feature_tests.c.o   -c /home/wen/github/ibus-lunispim/build/CMakeFiles/feature_tests.c
Linking C executable cmTC_53395
/usr/bin/cmake -E cmake_link_script CMakeFiles/cmTC_53395.dir/link.txt --verbose=1
/usr/bin/cc       CMakeFiles/cmTC_53395.dir/feature_tests.c.o  -o cmTC_53395 -rdynamic 
gmake[2]: Leaving directory '/home/wen/github/ibus-lunispim/build/CMakeFiles/CMakeTmp'
gmake[1]: Leaving directory '/home/wen/github/ibus-lunispim/build/CMakeFiles/CMakeTmp'


    Feature record: C_FEATURE:1c_function_prototypes
    Feature record: C_FEATURE:1c_restrict
    Feature record: C_FEATURE:1c_static_assert
    Feature record: C_FEATURE:1c_variadic_macros


Detecting C [-std=c99] compiler features compiled with the following output:
Change Dir: /home/wen/github/ibus-lunispim/build/CMakeFiles/CMakeTmp

Run Build Command:"/usr/bin/gmake" "cmTC_b4a66/fast"
gmake[1]: Entering directory '/home/wen/github/ibus-lunispim/build/CMakeFiles/CMakeTmp'
/usr/bin/gmake -f CMakeFiles/cmTC_b4a66.dir/build.make CMakeFiles/cmTC_b4a66.dir/build
gmake[2]: Entering directory '/home/wen/github/ibus-lunispim/build/CMakeFiles/CMakeTmp'
Building C object CMakeFiles/cmTC_b4a66.dir/feature_tests.c.o
/usr/bin/cc    -std=c99 -o CMakeFiles/cmTC_b4a66.dir/feature_tests.c.o   -c /home/wen/github/ibus-lunispim/build/CMakeFiles/feature_tests.c
Linking C executable cmTC_b4a66
/usr/bin/cmake -E cmake_link_script CMakeFiles/cmTC_b4a66.dir/link.txt --verbose=1
/usr/bin/cc       CMakeFiles/cmTC_b4a66.dir/feature_tests.c.o  -o cmTC_b4a66 -rdynamic 
gmake[2]: Leaving directory '/home/wen/github/ibus-lunispim/build/CMakeFiles/CMakeTmp'
gmake[1]: Leaving directory '/home/wen/github/ibus-lunispim/build/CMakeFiles/CMakeTmp'


    Feature record: C_FEATURE:1c_function_prototypes
    Feature record: C_FEATURE:1c_restrict
    Feature record: C_FEATURE:0c_static_assert
    Feature record: C_FEATURE:1c_variadic_macros


Detecting C [-std=c90] compiler features compiled with the following output:
Change Dir: /home/wen/github/ibus-lunispim/build/CMakeFiles/CMakeTmp

Run Build Command:"/usr/bin/gmake" "cmTC_0e97b/fast"
gmake[1]: Entering directory '/home/wen/github/ibus-lunispim/build/CMakeFiles/CMakeTmp'
/usr/bin/gmake -f CMakeFiles/cmTC_0e97b.dir/build.make CMakeFiles/cmTC_0e97b.dir/build
gmake[2]: Entering directory '/home/wen/github/ibus-lunispim/build/CMakeFiles/CMakeTmp'
Building C object CMakeFiles/cmTC_0e97b.dir/feature_tests.c.o
/usr/bin/cc    -std=c90 -o CMakeFiles/cmTC_0e97b.dir/feature_tests.c.o   -c /home/wen/github/ibus-lunispim/build/CMakeFiles/feature_tests.c
Linking C executable cmTC_0e97b
/usr/bin/cmake -E cmake_link_script CMakeFiles/cmTC_0e97b.dir/link.txt --verbose=1
/usr/bin/cc       CMakeFiles/cmTC_0e97b.dir/feature_tests.c.o  -o cmTC_0e97b -rdynamic 
gmake[2]: Leaving directory '/home/wen/github/ibus-lunispim/build/CMakeFiles/CMakeTmp'
gmake[1]: Leaving directory '/home/wen/github/ibus-lunispim/build/CMakeFiles/CMakeTmp'


    Feature record: C_FEATURE:1c_function_prototypes
    Feature record: C_FEATURE:0c_restrict
    Feature record: C_FEATURE:0c_static_assert
    Feature record: C_FEATURE:0c_variadic_macros
Determining if the CXX compiler works passed with the following output:
Change Dir: /home/wen/github/ibus-lunispim/build/CMakeFiles/CMakeTmp

Run Build Command:"/usr/bin/gmake" "cmTC_963e2/fast"
gmake[1]: Entering directory '/home/wen/github/ibus-lunispim/build/CMakeFiles/CMakeTmp'
/usr/bin/gmake -f CMakeFiles/cmTC_963e2.dir/build.make CMakeFiles/cmTC_963e2.dir/build
gmake[2]: Entering directory '/home/wen/github/ibus-lunispim/build/CMakeFiles/CMakeTmp'
Building CXX object CMakeFiles/cmTC_963e2.dir/testCXXCompiler.cxx.o
/usr/bin/c++      -o CMakeFiles/cmTC_963e2.dir/testCXXCompiler.cxx.o -c /home/wen/github/ibus-lunispim/build/CMakeFiles/CMakeTmp/testCXXCompiler.cxx
Linking CXX executable cmTC_963e2
/usr/bin/cmake -E cmake_link_script CMakeFiles/cmTC_963e2.dir/link.txt --verbose=1
/usr/bin/c++        CMakeFiles/cmTC_963e2.dir/testCXXCompiler.cxx.o  -o cmTC_963e2 -rdynamic 
gmake[2]: Leaving directory '/home/wen/github/ibus-lunispim/build/CMakeFiles/CMakeTmp'
gmake[1]: Leaving directory '/home/wen/github/ibus-lunispim/build/CMakeFiles/CMakeTmp'


Detecting CXX compiler ABI info compiled with the following output:
Change Dir: /home/wen/github/ibus-lunispim/build/CMakeFiles/CMakeTmp

Run Build Command:"/usr/bin/gmake" "cmTC_adbc0/fast"
gmake[1]: Entering directory '/home/wen/github/ibus-lunispim/build/CMakeFiles/CMakeTmp'
/usr/bin/gmake -f CMakeFiles/cmTC_adbc0.dir/build.make CMakeFiles/cmTC_adbc0.dir/build
gmake[2]: Entering directory '/home/wen/github/ibus-lunispim/build/CMakeFiles/CMakeTmp'
Building CXX object CMakeFiles/cmTC_adbc0.dir/CMakeCXXCompilerABI.cpp.o
/usr/bin/c++      -o CMakeFiles/cmTC_adbc0.dir/CMakeCXXCompilerABI.cpp.o -c /usr/share/cmake-3.5/Modules/CMakeCXXCompilerABI.cpp
Linking CXX executable cmTC_adbc0
/usr/bin/cmake -E cmake_link_script CMakeFiles/cmTC_adbc0.dir/link.txt --verbose=1
/usr/bin/c++       -v CMakeFiles/cmTC_adbc0.dir/CMakeCXXCompilerABI.cpp.o  -o cmTC_adbc0 -rdynamic  
从 /usr/lib64/gcc/x86_64-slackware-linux/5.5.0/specs 读取 specs
COLLECT_GCC=/usr/bin/c++
COLLECT_LTO_WRAPPER=/usr/libexec/gcc/x86_64-slackware-linux/5.5.0/lto-wrapper
目标：x86_64-slackware-linux
配置为：../gcc-5.5.0/configure --prefix=/usr --libdir=/usr/lib64 --mandir=/usr/man --infodir=/usr/info --enable-shared --enable-bootstrap --enable-languages=ada,c,c++,fortran,go,java,lto,objc --enable-threads=posix --enable-checking=release --enable-objc-gc --with-system-zlib --with-python-dir=/lib64/python2.7/site-packages --enable-libstdcxx-dual-abi --with-default-libstdcxx-abi=gcc4-compatible --disable-libunwind-exceptions --enable-__cxa_atexit --enable-libssp --enable-lto --disable-install-libiberty --with-gnu-ld --verbose --enable-java-home --with-java-home=/usr/lib64/jvm/jre --with-jvm-root-dir=/usr/lib64/jvm --with-jvm-jar-dir=/usr/lib64/jvm/jvm-exports --with-arch-directory=amd64 --with-antlr-jar=/home/slackware/slackbuilds/gcc-5.5.0/antlr-runtime-3.4.jar --enable-multilib --target=x86_64-slackware-linux --build=x86_64-slackware-linux --host=x86_64-slackware-linux
线程模型：posix
gcc 版本 5.5.0 (GCC) 
COMPILER_PATH=/usr/libexec/gcc/x86_64-slackware-linux/5.5.0/:/usr/libexec/gcc/x86_64-slackware-linux/5.5.0/:/usr/libexec/gcc/x86_64-slackware-linux/:/usr/lib64/gcc/x86_64-slackware-linux/5.5.0/:/usr/lib64/gcc/x86_64-slackware-linux/:/usr/lib64/gcc/x86_64-slackware-linux/5.5.0/../../../../x86_64-slackware-linux/bin/
LIBRARY_PATH=/usr/lib64/gcc/x86_64-slackware-linux/5.5.0/:/usr/lib64/gcc/x86_64-slackware-linux/5.5.0/../../../../lib64/:/lib/../lib64/:/usr/lib/../lib64/:/usr/lib64/gcc/x86_64-slackware-linux/5.5.0/../../../../x86_64-slackware-linux/lib/:/usr/lib64/gcc/x86_64-slackware-linux/5.5.0/../../../:/lib/:/usr/lib/
COLLECT_GCC_OPTIONS='-v' '-o' 'cmTC_adbc0' '-rdynamic' '-shared-libgcc' '-mtune=generic' '-march=x86-64'
 /usr/libexec/gcc/x86_64-slackware-linux/5.5.0/collect2 -plugin /usr/libexec/gcc/x86_64-slackware-linux/5.5.0/liblto_plugin.so -plugin-opt=/usr/libexec/gcc/x86_64-slackware-linux/5.5.0/lto-wrapper -plugin-opt=-fresolution=/tmp/ccEwSoqw.res -plugin-opt=-pass-through=-lgcc_s -plugin-opt=-pass-through=-lgcc -plugin-opt=-pass-through=-lc -plugin-opt=-pass-through=-lgcc_s -plugin-opt=-pass-through=-lgcc --eh-frame-hdr -m elf_x86_64 -export-dynamic -dynamic-linker /lib64/ld-linux-x86-64.so.2 -o cmTC_adbc0 /usr/lib64/gcc/x86_64-slackware-linux/5.5.0/../../../../lib64/crt1.o /usr/lib64/gcc/x86_64-slackware-linux/5.5.0/../../../../lib64/crti.o /usr/lib64/gcc/x86_64-slackware-linux/5.5.0/crtbegin.o -L/usr/lib64/gcc/x86_64-slackware-linux/5.5.0 -L/usr/lib64/gcc/x86_64-slackware-linux/5.5.0/../../../../lib64 -L/lib/../lib64 -L/usr/lib/../lib64 -L/usr/lib64/gcc/x86_64-slackware-linux/5.5.0/../../../../x86_64-slackware-linux/lib -L/usr/lib64/gcc/x86_64-slackware-linux/5.5.0/../../.. CMakeFiles/cmTC_adbc0.dir/CMakeCXXCompilerABI.cpp.o -lstdc++ -lm -lgcc_s -lgcc -lc -lgcc_s -lgcc /usr/lib64/gcc/x86_64-slackware-linux/5.5.0/crtend.o /usr/lib64/gcc/x86_64-slackware-linux/5.5.0/../../../../lib64/crtn.o
gmake[2]: Leaving directory '/home/wen/github/ibus-lunispim/build/CMakeFiles/CMakeTmp'
gmake[1]: Leaving directory '/home/wen/github/ibus-lunispim/build/CMakeFiles/CMakeTmp'


Parsed CXX implicit link information from above output:
  link line regex: [^( *|.*[/\])(ld|([^/\]+-)?ld|collect2)[^/\]*( |$)]
  ignore line: [Change Dir: /home/wen/github/ibus-lunispim/build/CMakeFiles/CMakeTmp]
  ignore line: []
  ignore line: [Run Build Command:"/usr/bin/gmake" "cmTC_adbc0/fast"]
  ignore line: [gmake[1]: Entering directory '/home/wen/github/ibus-lunispim/build/CMakeFiles/CMakeTmp']
  ignore line: [/usr/bin/gmake -f CMakeFiles/cmTC_adbc0.dir/build.make CMakeFiles/cmTC_adbc0.dir/build]
  ignore line: [gmake[2]: Entering directory '/home/wen/github/ibus-lunispim/build/CMakeFiles/CMakeTmp']
  ignore line: [Building CXX object CMakeFiles/cmTC_adbc0.dir/CMakeCXXCompilerABI.cpp.o]
  ignore line: [/usr/bin/c++      -o CMakeFiles/cmTC_adbc0.dir/CMakeCXXCompilerABI.cpp.o -c /usr/share/cmake-3.5/Modules/CMakeCXXCompilerABI.cpp]
  ignore line: [Linking CXX executable cmTC_adbc0]
  ignore line: [/usr/bin/cmake -E cmake_link_script CMakeFiles/cmTC_adbc0.dir/link.txt --verbose=1]
  ignore line: [/usr/bin/c++       -v CMakeFiles/cmTC_adbc0.dir/CMakeCXXCompilerABI.cpp.o  -o cmTC_adbc0 -rdynamic  ]
  ignore line: [从 /usr/lib64/gcc/x86_64-slackware-linux/5.5.0/specs 读取 specs]
  ignore line: [COLLECT_GCC=/usr/bin/c++]
  ignore line: [COLLECT_LTO_WRAPPER=/usr/libexec/gcc/x86_64-slackware-linux/5.5.0/lto-wrapper]
  ignore line: [目标：x86_64-slackware-linux]
  ignore line: [配置为：../gcc-5.5.0/configure --prefix=/usr --libdir=/usr/lib64 --mandir=/usr/man --infodir=/usr/info --enable-shared --enable-bootstrap --enable-languages=ada,c,c++,fortran,go,java,lto,objc --enable-threads=posix --enable-checking=release --enable-objc-gc --with-system-zlib --with-python-dir=/lib64/python2.7/site-packages --enable-libstdcxx-dual-abi --with-default-libstdcxx-abi=gcc4-compatible --disable-libunwind-exceptions --enable-__cxa_atexit --enable-libssp --enable-lto --disable-install-libiberty --with-gnu-ld --verbose --enable-java-home --with-java-home=/usr/lib64/jvm/jre --with-jvm-root-dir=/usr/lib64/jvm --with-jvm-jar-dir=/usr/lib64/jvm/jvm-exports --with-arch-directory=amd64 --with-antlr-jar=/home/slackware/slackbuilds/gcc-5.5.0/antlr-runtime-3.4.jar --enable-multilib --target=x86_64-slackware-linux --build=x86_64-slackware-linux --host=x86_64-slackware-linux]
  ignore line: [线程模型：posix]
  ignore line: [gcc 版本 5.5.0 (GCC) ]
  ignore line: [COMPILER_PATH=/usr/libexec/gcc/x86_64-slackware-linux/5.5.0/:/usr/libexec/gcc/x86_64-slackware-linux/5.5.0/:/usr/libexec/gcc/x86_64-slackware-linux/:/usr/lib64/gcc/x86_64-slackware-linux/5.5.0/:/usr/lib64/gcc/x86_64-slackware-linux/:/usr/lib64/gcc/x86_64-slackware-linux/5.5.0/../../../../x86_64-slackware-linux/bin/]
  ignore line: [LIBRARY_PATH=/usr/lib64/gcc/x86_64-slackware-linux/5.5.0/:/usr/lib64/gcc/x86_64-slackware-linux/5.5.0/../../../../lib64/:/lib/../lib64/:/usr/lib/../lib64/:/usr/lib64/gcc/x86_64-slackware-linux/5.5.0/../../../../x86_64-slackware-linux/lib/:/usr/lib64/gcc/x86_64-slackware-linux/5.5.0/../../../:/lib/:/usr/lib/]
  ignore line: [COLLECT_GCC_OPTIONS='-v' '-o' 'cmTC_adbc0' '-rdynamic' '-shared-libgcc' '-mtune=generic' '-march=x86-64']
  link line: [ /usr/libexec/gcc/x86_64-slackware-linux/5.5.0/collect2 -plugin /usr/libexec/gcc/x86_64-slackware-linux/5.5.0/liblto_plugin.so -plugin-opt=/usr/libexec/gcc/x86_64-slackware-linux/5.5.0/lto-wrapper -plugin-opt=-fresolution=/tmp/ccEwSoqw.res -plugin-opt=-pass-through=-lgcc_s -plugin-opt=-pass-through=-lgcc -plugin-opt=-pass-through=-lc -plugin-opt=-pass-through=-lgcc_s -plugin-opt=-pass-through=-lgcc --eh-frame-hdr -m elf_x86_64 -export-dynamic -dynamic-linker /lib64/ld-linux-x86-64.so.2 -o cmTC_adbc0 /usr/lib64/gcc/x86_64-slackware-linux/5.5.0/../../../../lib64/crt1.o /usr/lib64/gcc/x86_64-slackware-linux/5.5.0/../../../../lib64/crti.o /usr/lib64/gcc/x86_64-slackware-linux/5.5.0/crtbegin.o -L/usr/lib64/gcc/x86_64-slackware-linux/5.5.0 -L/usr/lib64/gcc/x86_64-slackware-linux/5.5.0/../../../../lib64 -L/lib/../lib64 -L/usr/lib/../lib64 -L/usr/lib64/gcc/x86_64-slackware-linux/5.5.0/../../../../x86_64-slackware-linux/lib -L/usr/lib64/gcc/x86_64-slackware-linux/5.5.0/../../.. CMakeFiles/cmTC_adbc0.dir/CMakeCXXCompilerABI.cpp.o -lstdc++ -lm -lgcc_s -lgcc -lc -lgcc_s -lgcc /usr/lib64/gcc/x86_64-slackware-linux/5.5.0/crtend.o /usr/lib64/gcc/x86_64-slackware-linux/5.5.0/../../../../lib64/crtn.o]
    arg [/usr/libexec/gcc/x86_64-slackware-linux/5.5.0/collect2] ==> ignore
    arg [-plugin] ==> ignore
    arg [/usr/libexec/gcc/x86_64-slackware-linux/5.5.0/liblto_plugin.so] ==> ignore
    arg [-plugin-opt=/usr/libexec/gcc/x86_64-slackware-linux/5.5.0/lto-wrapper] ==> ignore
    arg [-plugin-opt=-fresolution=/tmp/ccEwSoqw.res] ==> ignore
    arg [-plugin-opt=-pass-through=-lgcc_s] ==> ignore
    arg [-plugin-opt=-pass-through=-lgcc] ==> ignore
    arg [-plugin-opt=-pass-through=-lc] ==> ignore
    arg [-plugin-opt=-pass-through=-lgcc_s] ==> ignore
    arg [-plugin-opt=-pass-through=-lgcc] ==> ignore
    arg [--eh-frame-hdr] ==> ignore
    arg [-m] ==> ignore
    arg [elf_x86_64] ==> ignore
    arg [-export-dynamic] ==> ignore
    arg [-dynamic-linker] ==> ignore
    arg [/lib64/ld-linux-x86-64.so.2] ==> ignore
    arg [-o] ==> ignore
    arg [cmTC_adbc0] ==> ignore
    arg [/usr/lib64/gcc/x86_64-slackware-linux/5.5.0/../../../../lib64/crt1.o] ==> ignore
    arg [/usr/lib64/gcc/x86_64-slackware-linux/5.5.0/../../../../lib64/crti.o] ==> ignore
    arg [/usr/lib64/gcc/x86_64-slackware-linux/5.5.0/crtbegin.o] ==> ignore
    arg [-L/usr/lib64/gcc/x86_64-slackware-linux/5.5.0] ==> dir [/usr/lib64/gcc/x86_64-slackware-linux/5.5.0]
    arg [-L/usr/lib64/gcc/x86_64-slackware-linux/5.5.0/../../../../lib64] ==> dir [/usr/lib64/gcc/x86_64-slackware-linux/5.5.0/../../../../lib64]
    arg [-L/lib/../lib64] ==> dir [/lib/../lib64]
    arg [-L/usr/lib/../lib64] ==> dir [/usr/lib/../lib64]
    arg [-L/usr/lib64/gcc/x86_64-slackware-linux/5.5.0/../../../../x86_64-slackware-linux/lib] ==> dir [/usr/lib64/gcc/x86_64-slackware-linux/5.5.0/../../../../x86_64-slackware-linux/lib]
    arg [-L/usr/lib64/gcc/x86_64-slackware-linux/5.5.0/../../..] ==> dir [/usr/lib64/gcc/x86_64-slackware-linux/5.5.0/../../..]
    arg [CMakeFiles/cmTC_adbc0.dir/CMakeCXXCompilerABI.cpp.o] ==> ignore
    arg [-lstdc++] ==> lib [stdc++]
    arg [-lm] ==> lib [m]
    arg [-lgcc_s] ==> lib [gcc_s]
    arg [-lgcc] ==> lib [gcc]
    arg [-lc] ==> lib [c]
    arg [-lgcc_s] ==> lib [gcc_s]
    arg [-lgcc] ==> lib [gcc]
    arg [/usr/lib64/gcc/x86_64-slackware-linux/5.5.0/crtend.o] ==> ignore
    arg [/usr/lib64/gcc/x86_64-slackware-linux/5.5.0/../../../../lib64/crtn.o] ==> ignore
  remove lib [gcc_s]
  remove lib [gcc]
  remove lib [gcc_s]
  remove lib [gcc]
  collapse library dir [/usr/lib64/gcc/x86_64-slackware-linux/5.5.0] ==> [/usr/lib64/gcc/x86_64-slackware-linux/5.5.0]
  collapse library dir [/usr/lib64/gcc/x86_64-slackware-linux/5.5.0/../../../../lib64] ==> [/usr/lib64]
  collapse library dir [/lib/../lib64] ==> [/lib64]
  collapse library dir [/usr/lib/../lib64] ==> [/usr/lib64]
  collapse library dir [/usr/lib64/gcc/x86_64-slackware-linux/5.5.0/../../../../x86_64-slackware-linux/lib] ==> [/usr/x86_64-slackware-linux/lib]
  collapse library dir [/usr/lib64/gcc/x86_64-slackware-linux/5.5.0/../../..] ==> [/usr/lib64]
  implicit libs: [stdc++;m;c]
  implicit dirs: [/usr/lib64/gcc/x86_64-slackware-linux/5.5.0;/usr/lib64;/lib64;/usr/x86_64-slackware-linux/lib]
  implicit fwks: []




Detecting CXX [-std=c++14] compiler features compiled with the following output:
Change Dir: /home/wen/github/ibus-lunispim/build/CMakeFiles/CMakeTmp

Run Build Command:"/usr/bin/gmake" "cmTC_72f9f/fast"
gmake[1]: Entering directory '/home/wen/github/ibus-lunispim/build/CMakeFiles/CMakeTmp'
/usr/bin/gmake -f CMakeFiles/cmTC_72f9f.dir/build.make CMakeFiles/cmTC_72f9f.dir/build
gmake[2]: Entering directory '/home/wen/github/ibus-lunispim/build/CMakeFiles/CMakeTmp'
Building CXX object CMakeFiles/cmTC_72f9f.dir/feature_tests.cxx.o
/usr/bin/c++     -std=c++14 -o CMakeFiles/cmTC_72f9f.dir/feature_tests.cxx.o -c /home/wen/github/ibus-lunispim/build/CMakeFiles/feature_tests.cxx
Linking CXX executable cmTC_72f9f
/usr/bin/cmake -E cmake_link_script CMakeFiles/cmTC_72f9f.dir/link.txt --verbose=1
/usr/bin/c++        CMakeFiles/cmTC_72f9f.dir/feature_tests.cxx.o  -o cmTC_72f9f -rdynamic 
gmake[2]: Leaving directory '/home/wen/github/ibus-lunispim/build/CMakeFiles/CMakeTmp'
gmake[1]: Leaving directory '/home/wen/github/ibus-lunispim/build/CMakeFiles/CMakeTmp'


    Feature record: CXX_FEATURE:1cxx_aggregate_default_initializers
    Feature record: CXX_FEATURE:1cxx_alias_templates
    Feature record: CXX_FEATURE:1cxx_alignas
    Feature record: CXX_FEATURE:1cxx_alignof
    Feature record: CXX_FEATURE:1cxx_attributes
    Feature record: CXX_FEATURE:1cxx_attribute_deprecated
    Feature record: CXX_FEATURE:1cxx_auto_type
    Feature record: CXX_FEATURE:1cxx_binary_literals
    Feature record: CXX_FEATURE:1cxx_constexpr
    Feature record: CXX_FEATURE:1cxx_contextual_conversions
    Feature record: CXX_FEATURE:1cxx_decltype
    Feature record: CXX_FEATURE:1cxx_decltype_auto
    Feature record: CXX_FEATURE:1cxx_decltype_incomplete_return_types
    Feature record: CXX_FEATURE:1cxx_default_function_template_args
    Feature record: CXX_FEATURE:1cxx_defaulted_functions
    Feature record: CXX_FEATURE:1cxx_defaulted_move_initializers
    Feature record: CXX_FEATURE:1cxx_delegating_constructors
    Feature record: CXX_FEATURE:1cxx_deleted_functions
    Feature record: CXX_FEATURE:1cxx_digit_separators
    Feature record: CXX_FEATURE:1cxx_enum_forward_declarations
    Feature record: CXX_FEATURE:1cxx_explicit_conversions
    Feature record: CXX_FEATURE:1cxx_extended_friend_declarations
    Feature record: CXX_FEATURE:1cxx_extern_templates
    Feature record: CXX_FEATURE:1cxx_final
    Feature record: CXX_FEATURE:1cxx_func_identifier
    Feature record: CXX_FEATURE:1cxx_generalized_initializers
    Feature record: CXX_FEATURE:1cxx_generic_lambdas
    Feature record: CXX_FEATURE:1cxx_inheriting_constructors
    Feature record: CXX_FEATURE:1cxx_inline_namespaces
    Feature record: CXX_FEATURE:1cxx_lambdas
    Feature record: CXX_FEATURE:1cxx_lambda_init_captures
    Feature record: CXX_FEATURE:1cxx_local_type_template_args
    Feature record: CXX_FEATURE:1cxx_long_long_type
    Feature record: CXX_FEATURE:1cxx_noexcept
    Feature record: CXX_FEATURE:1cxx_nonstatic_member_init
    Feature record: CXX_FEATURE:1cxx_nullptr
    Feature record: CXX_FEATURE:1cxx_override
    Feature record: CXX_FEATURE:1cxx_range_for
    Feature record: CXX_FEATURE:1cxx_raw_string_literals
    Feature record: CXX_FEATURE:1cxx_reference_qualified_functions
    Feature record: CXX_FEATURE:1cxx_relaxed_constexpr
    Feature record: CXX_FEATURE:1cxx_return_type_deduction
    Feature record: CXX_FEATURE:1cxx_right_angle_brackets
    Feature record: CXX_FEATURE:1cxx_rvalue_references
    Feature record: CXX_FEATURE:1cxx_sizeof_member
    Feature record: CXX_FEATURE:1cxx_static_assert
    Feature record: CXX_FEATURE:1cxx_strong_enums
    Feature record: CXX_FEATURE:1cxx_template_template_parameters
    Feature record: CXX_FEATURE:1cxx_thread_local
    Feature record: CXX_FEATURE:1cxx_trailing_return_types
    Feature record: CXX_FEATURE:1cxx_unicode_literals
    Feature record: CXX_FEATURE:1cxx_uniform_initialization
    Feature record: CXX_FEATURE:1cxx_unrestricted_unions
    Feature record: CXX_FEATURE:1cxx_user_literals
    Feature record: CXX_FEATURE:1cxx_variable_templates
    Feature record: CXX_FEATURE:1cxx_variadic_macros
    Feature record: CXX_FEATURE:1cxx_variadic_templates


Detecting CXX [-std=c++11] compiler features compiled with the following output:
Change Dir: /home/wen/github/ibus-lunispim/build/CMakeFiles/CMakeTmp

Run Build Command:"/usr/bin/gmake" "cmTC_bb892/fast"
gmake[1]: Entering directory '/home/wen/github/ibus-lunispim/build/CMakeFiles/CMakeTmp'
/usr/bin/gmake -f CMakeFiles/cmTC_bb892.dir/build.make CMakeFiles/cmTC_bb892.dir/build
gmake[2]: Entering directory '/home/wen/github/ibus-lunispim/build/CMakeFiles/CMakeTmp'
Building CXX object CMakeFiles/cmTC_bb892.dir/feature_tests.cxx.o
/usr/bin/c++     -std=c++11 -o CMakeFiles/cmTC_bb892.dir/feature_tests.cxx.o -c /home/wen/github/ibus-lunispim/build/CMakeFiles/feature_tests.cxx
Linking CXX executable cmTC_bb892
/usr/bin/cmake -E cmake_link_script CMakeFiles/cmTC_bb892.dir/link.txt --verbose=1
/usr/bin/c++        CMakeFiles/cmTC_bb892.dir/feature_tests.cxx.o  -o cmTC_bb892 -rdynamic 
gmake[2]: Leaving directory '/home/wen/github/ibus-lunispim/build/CMakeFiles/CMakeTmp'
gmake[1]: Leaving directory '/home/wen/github/ibus-lunispim/build/CMakeFiles/CMakeTmp'


    Feature record: CXX_FEATURE:0cxx_aggregate_default_initializers
    Feature record: CXX_FEATURE:1cxx_alias_templates
    Feature record: CXX_FEATURE:1cxx_alignas
    Feature record: CXX_FEATURE:1cxx_alignof
    Feature record: CXX_FEATURE:1cxx_attributes
    Feature record: CXX_FEATURE:0cxx_attribute_deprecated
    Feature record: CXX_FEATURE:1cxx_auto_type
    Feature record: CXX_FEATURE:0cxx_binary_literals
    Feature record: CXX_FEATURE:1cxx_constexpr
    Feature record: CXX_FEATURE:0cxx_contextual_conversions
    Feature record: CXX_FEATURE:1cxx_decltype
    Feature record: CXX_FEATURE:0cxx_decltype_auto
    Feature record: CXX_FEATURE:1cxx_decltype_incomplete_return_types
    Feature record: CXX_FEATURE:1cxx_default_function_template_args
    Feature record: CXX_FEATURE:1cxx_defaulted_functions
    Feature record: CXX_FEATURE:1cxx_defaulted_move_initializers
    Feature record: CXX_FEATURE:1cxx_delegating_constructors
    Feature record: CXX_FEATURE:1cxx_deleted_functions
    Feature record: CXX_FEATURE:0cxx_digit_separators
    Feature record: CXX_FEATURE:1cxx_enum_forward_declarations
    Feature record: CXX_FEATURE:1cxx_explicit_conversions
    Feature record: CXX_FEATURE:1cxx_extended_friend_declarations
    Feature record: CXX_FEATURE:1cxx_extern_templates
    Feature record: CXX_FEATURE:1cxx_final
    Feature record: CXX_FEATURE:1cxx_func_identifier
    Feature record: CXX_FEATURE:1cxx_generalized_initializers
    Feature record: CXX_FEATURE:0cxx_generic_lambdas
    Feature record: CXX_FEATURE:1cxx_inheriting_constructors
    Feature record: CXX_FEATURE:1cxx_inline_namespaces
    Feature record: CXX_FEATURE:1cxx_lambdas
    Feature record: CXX_FEATURE:0cxx_lambda_init_captures
    Feature record: CXX_FEATURE:1cxx_local_type_template_args
    Feature record: CXX_FEATURE:1cxx_long_long_type
    Feature record: CXX_FEATURE:1cxx_noexcept
    Feature record: CXX_FEATURE:1cxx_nonstatic_member_init
    Feature record: CXX_FEATURE:1cxx_nullptr
    Feature record: CXX_FEATURE:1cxx_override
    Feature record: CXX_FEATURE:1cxx_range_for
    Feature record: CXX_FEATURE:1cxx_raw_string_literals
    Feature record: CXX_FEATURE:1cxx_reference_qualified_functions
    Feature record: CXX_FEATURE:0cxx_relaxed_constexpr
    Feature record: CXX_FEATURE:0cxx_return_type_deduction
    Feature record: CXX_FEATURE:1cxx_right_angle_brackets
    Feature record: CXX_FEATURE:1cxx_rvalue_references
    Feature record: CXX_FEATURE:1cxx_sizeof_member
    Feature record: CXX_FEATURE:1cxx_static_assert
    Feature record: CXX_FEATURE:1cxx_strong_enums
    Feature record: CXX_FEATURE:1cxx_template_template_parameters
    Feature record: CXX_FEATURE:1cxx_thread_local
    Feature record: CXX_FEATURE:1cxx_trailing_return_types
    Feature record: CXX_FEATURE:1cxx_unicode_literals
    Feature record: CXX_FEATURE:1cxx_uniform_initialization
    Feature record: CXX_FEATURE:1cxx_unrestricted_unions
    Feature record: CXX_FEATURE:1cxx_user_literals
    Feature record: CXX_FEATURE:0cxx_variable_templates
    Feature record: CXX_FEATURE:1cxx_variadic_macros
    Feature record: CXX_FEATURE:1cxx_variadic_templates


Detecting CXX [-std=c++98] compiler features compiled with the following output:
Change Dir: /home/wen/github/ibus-lunispim/build/CMakeFiles/CMakeTmp

Run Build Command:"/usr/bin/gmake" "cmTC_b3007/fast"
gmake[1]: Entering directory '/home/wen/github/ibus-lunispim/build/CMakeFiles/CMakeTmp'
/usr/bin/gmake -f CMakeFiles/cmTC_b3007.dir/build.make CMakeFiles/cmTC_b3007.dir/build
gmake[2]: Entering directory '/home/wen/github/ibus-lunispim/build/CMakeFiles/CMakeTmp'
Building CXX object CMakeFiles/cmTC_b3007.dir/feature_tests.cxx.o
/usr/bin/c++     -std=c++98 -o CMakeFiles/cmTC_b3007.dir/feature_tests.cxx.o -c /home/wen/github/ibus-lunispim/build/CMakeFiles/feature_tests.cxx
Linking CXX executable cmTC_b3007
/usr/bin/cmake -E cmake_link_script CMakeFiles/cmTC_b3007.dir/link.txt --verbose=1
/usr/bin/c++        CMakeFiles/cmTC_b3007.dir/feature_tests.cxx.o  -o cmTC_b3007 -rdynamic 
gmake[2]: Leaving directory '/home/wen/github/ibus-lunispim/build/CMakeFiles/CMakeTmp'
gmake[1]: Leaving directory '/home/wen/github/ibus-lunispim/build/CMakeFiles/CMakeTmp'


    Feature record: CXX_FEATURE:0cxx_aggregate_default_initializers
    Feature record: CXX_FEATURE:0cxx_alias_templates
    Feature record: CXX_FEATURE:0cxx_alignas
    Feature record: CXX_FEATURE:0cxx_alignof
    Feature record: CXX_FEATURE:0cxx_attributes
    Feature record: CXX_FEATURE:0cxx_attribute_deprecated
    Feature record: CXX_FEATURE:0cxx_auto_type
    Feature record: CXX_FEATURE:0cxx_binary_literals
    Feature record: CXX_FEATURE:0cxx_constexpr
    Feature record: CXX_FEATURE:0cxx_contextual_conversions
    Feature record: CXX_FEATURE:0cxx_decltype
    Feature record: CXX_FEATURE:0cxx_decltype_auto
    Feature record: CXX_FEATURE:0cxx_decltype_incomplete_return_types
    Feature record: CXX_FEATURE:0cxx_default_function_template_args
    Feature record: CXX_FEATURE:0cxx_defaulted_functions
    Feature record: CXX_FEATURE:0cxx_defaulted_move_initializers
    Feature record: CXX_FEATURE:0cxx_delegating_constructors
    Feature record: CXX_FEATURE:0cxx_deleted_functions
    Feature record: CXX_FEATURE:0cxx_digit_separators
    Feature record: CXX_FEATURE:0cxx_enum_forward_declarations
    Feature record: CXX_FEATURE:0cxx_explicit_conversions
    Feature record: CXX_FEATURE:0cxx_extended_friend_declarations
    Feature record: CXX_FEATURE:0cxx_extern_templates
    Feature record: CXX_FEATURE:0cxx_final
    Feature record: CXX_FEATURE:0cxx_func_identifier
    Feature record: CXX_FEATURE:0cxx_generalized_initializers
    Feature record: CXX_FEATURE:0cxx_generic_lambdas
    Feature record: CXX_FEATURE:0cxx_inheriting_constructors
    Feature record: CXX_FEATURE:0cxx_inline_namespaces
    Feature record: CXX_FEATURE:0cxx_lambdas
    Feature record: CXX_FEATURE:0cxx_lambda_init_captures
    Feature record: CXX_FEATURE:0cxx_local_type_template_args
    Feature record: CXX_FEATURE:0cxx_long_long_type
    Feature record: CXX_FEATURE:0cxx_noexcept
    Feature record: CXX_FEATURE:0cxx_nonstatic_member_init
    Feature record: CXX_FEATURE:0cxx_nullptr
    Feature record: CXX_FEATURE:0cxx_override
    Feature record: CXX_FEATURE:0cxx_range_for
    Feature record: CXX_FEATURE:0cxx_raw_string_literals
    Feature record: CXX_FEATURE:0cxx_reference_qualified_functions
    Feature record: CXX_FEATURE:0cxx_relaxed_constexpr
    Feature record: CXX_FEATURE:0cxx_return_type_deduction
    Feature record: CXX_FEATURE:0cxx_right_angle_brackets
    Feature record: CXX_FEATURE:0cxx_rvalue_references
    Feature record: CXX_FEATURE:0cxx_sizeof_member
    Feature record: CXX_FEATURE:0cxx_static_assert
    Feature record: CXX_FEATURE:0cxx_strong_enums
    Feature record: CXX_FEATURE:1cxx_template_template_parameters
    Feature record: CXX_FEATURE:0cxx_thread_local
    Feature record: CXX_FEATURE:0cxx_trailing_return_types
    Feature record: CXX_FEATURE:0cxx_unicode_literals
    Feature record: CXX_FEATURE:0cxx_uniform_initialization
    Feature record: CXX_FEATURE:0cxx_unrestricted_unions
    Feature record: CXX_FEATURE:0cxx_user_literals
    Feature record: CXX_FEATURE:0cxx_variable_templates
    Feature record: CXX_FEATURE:0cxx_variadic_macros
    Feature record: CXX_FEATURE:0cxx_variadic_templates
